[main]: Splitting Task:
[main]: Start indices: [0, 21, 42, 63, 84, 105, 126, 147, 168, 189, 210, 231, 252, 273, 294, 315, 336, 357, 378, 399, 420, 441, 462, 483, 505, 527, 549, 571, 593, 615, 637, 659, 681, 703, 725, 747, 769, 791, 813, 835, 857, 879, 901, 924, 947, 970, 993, 1016, 1039, 1062, 1085, 1108, 1131, 1154, 1177, 1200, 1223, 1246, 1269, 1292, 1315, 1339, 1363, 1387, 1411, 1435, 1459, 1483, 1507, 1531, 1555, 1579, 1603, 1627, 1651, 1675, 1700, 1725, 1750, 1775, 1800, 1825, 1850, 1875, 1900, 1925, 1950, 1975, 2000, 2026, 2052, 2078, 2104, 2130, 2156, 2182, 2208, 2234, 2260, 2286, 2312, 2339, 2366, 2393, 2420, 2447, 2474, 2501, 2528, 2555, 2582, 2610, 2638, 2666, 2694, 2722, 2750, 2778, 2806, 2834, 2862, 2891, 2920, 2949, 2978, 3007, 3036, 3065, 3094, 3124, 3154, 3184, 3214, 3244, 3274, 3304, 3334, 3365, 3396, 3427, 3458, 3489, 3520, 3551, 3583, 3615, 3647, 3679, 3711, 3743, 3776, 3809, 3842, 3875, 3908, 3941, 3975, 4009, 4043, 4077, 4111, 4146, 4181, 4216, 4251, 4286, 4322, 4358, 4394, 4430, 4467, 4504, 4541, 4578, 4616, 4654, 4692, 4730, 4769, 4808, 4847, 4886, 4926, 4966, 5006, 5047, 5088, 5129, 5171, 5213, 5255, 5298, 5341, 5385, 5429, 5473, 5518, 5563, 5609, 5655, 5702, 5749, 5797, 5845, 5894, 5943, 5993, 6044, 6095, 6147, 6200, 6253, 6307, 6362, 6418, 6475, 6533, 6592, 6652, 6713, 6775, 6838, 6902, 6968, 7035, 7104, 7174, 7246, 7320, 7396, 7474, 7555, 7639, 7726, 7816, 7910, 8008, 8112, 8222, 8339, 8465, 8602, 8754, 8927, 9134, 9409]
[main]: Segmentsizes: [21, 21, 21, 21, 21, 21, 21, 21, 21, 21, 21, 21, 21, 21, 21, 21, 21, 21, 21, 21, 21, 21, 21, 22, 22, 22, 22, 22, 22, 22, 22, 22, 22, 22, 22, 22, 22, 22, 22, 22, 22, 22, 23, 23, 23, 23, 23, 23, 23, 23, 23, 23, 23, 23, 23, 23, 23, 23, 23, 23, 24, 24, 24, 24, 24, 24, 24, 24, 24, 24, 24, 24, 24, 24, 24, 25, 25, 25, 25, 25, 25, 25, 25, 25, 25, 25, 25, 25, 26, 26, 26, 26, 26, 26, 26, 26, 26, 26, 26, 26, 27, 27, 27, 27, 27, 27, 27, 27, 27, 27, 28, 28, 28, 28, 28, 28, 28, 28, 28, 28, 29, 29, 29, 29, 29, 29, 29, 29, 30, 30, 30, 30, 30, 30, 30, 30, 31, 31, 31, 31, 31, 31, 31, 32, 32, 32, 32, 32, 32, 33, 33, 33, 33, 33, 33, 34, 34, 34, 34, 34, 35, 35, 35, 35, 35, 36, 36, 36, 36, 37, 37, 37, 37, 38, 38, 38, 38, 39, 39, 39, 39, 40, 40, 40, 41, 41, 41, 42, 42, 42, 43, 43, 44, 44, 44, 45, 45, 46, 46, 47, 47, 48, 48, 49, 49, 50, 51, 51, 52, 53, 53, 54, 55, 56, 57, 58, 59, 60, 61, 62, 63, 64, 66, 67, 69, 70, 72, 74, 76, 78, 81, 84, 87, 90, 94, 98, 104, 110, 117, 126, 137, 152, 173, 207, 275, 591]
[main]: Calculated Segemnts: [0, 0, 0, 0, 0, 0, 0, 0, 0, 0, 0, 0, 0, 0, 0, 0, 0, 0, 0, 0, 0, 0, 0, 0, 0, 0, 0, 0, 0, 0, 0, 0, 0, 0, 0, 0, 0, 0, 0, 0, 0, 0, 0, 0, 0, 0, 0, 0, 0, 0, 0, 0, 0, 0, 0, 0, 0, 0, 0, 0, 0, 0, 0, 0, 0, 0, 0, 0, 0, 0, 0, 0, 0, 0, 0, 0, 0, 0, 0, 0, 0, 0, 0, 0, 0, 0, 0, 0, 0, 0, 0, 0, 0, 0, 0, 0, 0, 0, 0, 0, 0, 0, 0, 0, 0, 0, 0, 0, 0, 0, 0, 0, 0, 0, 0, 0, 0, 0, 0, 0, 0, 0, 0, 0, 0, 0, 0, 0, 0, 0, 0, 0, 0, 0, 0, 0, 0, 0, 0, 0, 0, 0, 0, 0, 0, 0, 0, 0, 0, 0, 0, 0, 0, 0, 0, 0, 0, 0, 0, 0, 0, 0, 0, 0, 0, 0, 0, 0, 0, 0, 0, 0, 0, 0, 0, 0, 0, 0, 0, 0, 0, 0, 0, 0, 0, 0, 0, 0, 0, 0, 0, 0, 0, 0, 0, 0, 0, 0, 0, 0, 0, 0, 0, 0, 0, 0, 0, 0, 0, 0, 0, 0, 0, 0, 0, 0, 0, 0, 0, 0, 0, 0, 0, 0, 0, 0, 0, 0, 0, 0, 0, 0, 0, 0, 0, 0, 0, 0, 0, 0, 0, 0, 0, 0, 0, 0]
[main]: Splitting Task:
[main]: Start indices: [0, 21, 42, 63, 84, 105, 126, 147, 168, 189, 210, 231, 252, 273, 294, 315, 336, 357, 378, 399, 420, 441, 462, 483, 505, 527, 549, 571, 593, 615, 637, 659, 681, 703, 725, 747, 769, 791, 813, 835, 857, 879, 901, 924, 947, 970, 993, 1016, 1039, 1062, 1085, 1108, 1131, 1154, 1177, 1200, 1223, 1246, 1269, 1292, 1315, 1339, 1363, 1387, 1411, 1435, 1459, 1483, 1507, 1531, 1555, 1579, 1603, 1627, 1651, 1675, 1700, 1725, 1750, 1775, 1800, 1825, 1850, 1875, 1900, 1925, 1950, 1975, 2000, 2026, 2052, 2078, 2104, 2130, 2156, 2182, 2208, 2234, 2260, 2286, 2312, 2339, 2366, 2393, 2420, 2447, 2474, 2501, 2528, 2555, 2582, 2610, 2638, 2666, 2694, 2722, 2750, 2778, 2806, 2834, 2862, 2891, 2920, 2949, 2978, 3007, 3036, 3065, 3094, 3124, 3154, 3184, 3214, 3244, 3274, 3304, 3334, 3365, 3396, 3427, 3458, 3489, 3520, 3551, 3583, 3615, 3647, 3679, 3711, 3743, 3776, 3809, 3842, 3875, 3908, 3941, 3975, 4009, 4043, 4077, 4111, 4146, 4181, 4216, 4251, 4286, 4322, 4358, 4394, 4430, 4467, 4504, 4541, 4578, 4616, 4654, 4692, 4730, 4769, 4808, 4847, 4886, 4926, 4966, 5006, 5047, 5088, 5129, 5171, 5213, 5255, 5298, 5341, 5385, 5429, 5473, 5518, 5563, 5609, 5655, 5702, 5749, 5797, 5845, 5894, 5943, 5993, 6044, 6095, 6147, 6200, 6253, 6307, 6362, 6418, 6475, 6533, 6592, 6652, 6713, 6775, 6838, 6902, 6968, 7035, 7104, 7174, 7246, 7320, 7396, 7474, 7555, 7639, 7726, 7816, 7910, 8008, 8112, 8222, 8339, 8465, 8602, 8754, 8927, 9134, 9409]
[main]: Segmentsizes: [21, 21, 21, 21, 21, 21, 21, 21, 21, 21, 21, 21, 21, 21, 21, 21, 21, 21, 21, 21, 21, 21, 21, 22, 22, 22, 22, 22, 22, 22, 22, 22, 22, 22, 22, 22, 22, 22, 22, 22, 22, 22, 23, 23, 23, 23, 23, 23, 23, 23, 23, 23, 23, 23, 23, 23, 23, 23, 23, 23, 24, 24, 24, 24, 24, 24, 24, 24, 24, 24, 24, 24, 24, 24, 24, 25, 25, 25, 25, 25, 25, 25, 25, 25, 25, 25, 25, 25, 26, 26, 26, 26, 26, 26, 26, 26, 26, 26, 26, 26, 27, 27, 27, 27, 27, 27, 27, 27, 27, 27, 28, 28, 28, 28, 28, 28, 28, 28, 28, 28, 29, 29, 29, 29, 29, 29, 29, 29, 30, 30, 30, 30, 30, 30, 30, 30, 31, 31, 31, 31, 31, 31, 31, 32, 32, 32, 32, 32, 32, 33, 33, 33, 33, 33, 33, 34, 34, 34, 34, 34, 35, 35, 35, 35, 35, 36, 36, 36, 36, 37, 37, 37, 37, 38, 38, 38, 38, 39, 39, 39, 39, 40, 40, 40, 41, 41, 41, 42, 42, 42, 43, 43, 44, 44, 44, 45, 45, 46, 46, 47, 47, 48, 48, 49, 49, 50, 51, 51, 52, 53, 53, 54, 55, 56, 57, 58, 59, 60, 61, 62, 63, 64, 66, 67, 69, 70, 72, 74, 76, 78, 81, 84, 87, 90, 94, 98, 104, 110, 117, 126, 137, 152, 173, 207, 275, 591]
[main]: Calculated Segemnts: [0, 0, 0, 0, 0, 0, 0, 0, 0, 0, 0, 0, 0, 0, 0, 0, 0, 0, 0, 0, 0, 0, 0, 0, 0, 0, 0, 0, 0, 0, 0, 0, 0, 0, 0, 0, 0, 0, 0, 0, 0, 0, 0, 0, 0, 0, 0, 0, 0, 0, 0, 0, 0, 0, 0, 0, 0, 0, 0, 0, 0, 0, 0, 0, 0, 0, 0, 0, 0, 0, 0, 0, 0, 0, 0, 0, 0, 0, 0, 0, 0, 0, 0, 0, 0, 0, 0, 0, 0, 0, 0, 0, 0, 0, 0, 0, 0, 0, 0, 0, 0, 0, 0, 0, 0, 0, 0, 0, 0, 0, 0, 0, 0, 0, 0, 0, 0, 0, 0, 0, 0, 0, 0, 0, 0, 0, 0, 0, 0, 0, 0, 0, 0, 0, 0, 0, 0, 0, 0, 0, 0, 0, 0, 0, 0, 0, 0, 0, 0, 0, 0, 0, 0, 0, 0, 0, 0, 0, 0, 0, 0, 0, 0, 0, 0, 0, 0, 0, 0, 0, 0, 0, 0, 0, 0, 0, 0, 0, 0, 0, 0, 0, 0, 0, 0, 0, 0, 0, 0, 0, 0, 0, 0, 0, 0, 0, 0, 0, 0, 0, 0, 0, 0, 0, 0, 0, 0, 0, 0, 0, 0, 0, 0, 0, 0, 0, 0, 0, 0, 0, 0, 0, 0, 0, 0, 0, 0, 0, 0, 0, 0, 0, 0, 0, 0, 0, 0, 0, 0, 0, 0, 0, 0, 0, 0, 0]
[main]: Splitting Task:
[main]: Start indices: [0, 21, 42, 63, 84, 105, 126, 147, 168, 189, 210, 231, 252, 273, 294, 315, 336, 357, 378, 399, 420, 441, 462, 483, 505, 527, 549, 571, 593, 615, 637, 659, 681, 703, 725, 747, 769, 791, 813, 835, 857, 879, 901, 924, 947, 970, 993, 1016, 1039, 1062, 1085, 1108, 1131, 1154, 1177, 1200, 1223, 1246, 1269, 1292, 1315, 1339, 1363, 1387, 1411, 1435, 1459, 1483, 1507, 1531, 1555, 1579, 1603, 1627, 1651, 1675, 1700, 1725, 1750, 1775, 1800, 1825, 1850, 1875, 1900, 1925, 1950, 1975, 2000, 2026, 2052, 2078, 2104, 2130, 2156, 2182, 2208, 2234, 2260, 2286, 2312, 2339, 2366, 2393, 2420, 2447, 2474, 2501, 2528, 2555, 2582, 2610, 2638, 2666, 2694, 2722, 2750, 2778, 2806, 2834, 2862, 2891, 2920, 2949, 2978, 3007, 3036, 3065, 3094, 3124, 3154, 3184, 3214, 3244, 3274, 3304, 3334, 3365, 3396, 3427, 3458, 3489, 3520, 3551, 3583, 3615, 3647, 3679, 3711, 3743, 3776, 3809, 3842, 3875, 3908, 3941, 3975, 4009, 4043, 4077, 4111, 4146, 4181, 4216, 4251, 4286, 4322, 4358, 4394, 4430, 4467, 4504, 4541, 4578, 4616, 4654, 4692, 4730, 4769, 4808, 4847, 4886, 4926, 4966, 5006, 5047, 5088, 5129, 5171, 5213, 5255, 5298, 5341, 5385, 5429, 5473, 5518, 5563, 5609, 5655, 5702, 5749, 5797, 5845, 5894, 5943, 5993, 6044, 6095, 6147, 6200, 6253, 6307, 6362, 6418, 6475, 6533, 6592, 6652, 6713, 6775, 6838, 6902, 6968, 7035, 7104, 7174, 7246, 7320, 7396, 7474, 7555, 7639, 7726, 7816, 7910, 8008, 8112, 8222, 8339, 8465, 8602, 8754, 8927, 9134, 9409]
[main]: Segmentsizes: [21, 21, 21, 21, 21, 21, 21, 21, 21, 21, 21, 21, 21, 21, 21, 21, 21, 21, 21, 21, 21, 21, 21, 22, 22, 22, 22, 22, 22, 22, 22, 22, 22, 22, 22, 22, 22, 22, 22, 22, 22, 22, 23, 23, 23, 23, 23, 23, 23, 23, 23, 23, 23, 23, 23, 23, 23, 23, 23, 23, 24, 24, 24, 24, 24, 24, 24, 24, 24, 24, 24, 24, 24, 24, 24, 25, 25, 25, 25, 25, 25, 25, 25, 25, 25, 25, 25, 25, 26, 26, 26, 26, 26, 26, 26, 26, 26, 26, 26, 26, 27, 27, 27, 27, 27, 27, 27, 27, 27, 27, 28, 28, 28, 28, 28, 28, 28, 28, 28, 28, 29, 29, 29, 29, 29, 29, 29, 29, 30, 30, 30, 30, 30, 30, 30, 30, 31, 31, 31, 31, 31, 31, 31, 32, 32, 32, 32, 32, 32, 33, 33, 33, 33, 33, 33, 34, 34, 34, 34, 34, 35, 35, 35, 35, 35, 36, 36, 36, 36, 37, 37, 37, 37, 38, 38, 38, 38, 39, 39, 39, 39, 40, 40, 40, 41, 41, 41, 42, 42, 42, 43, 43, 44, 44, 44, 45, 45, 46, 46, 47, 47, 48, 48, 49, 49, 50, 51, 51, 52, 53, 53, 54, 55, 56, 57, 58, 59, 60, 61, 62, 63, 64, 66, 67, 69, 70, 72, 74, 76, 78, 81, 84, 87, 90, 94, 98, 104, 110, 117, 126, 137, 152, 173, 207, 275, 591]
[main]: Calculated Segemnts: [0, 0, 0, 0, 0, 0, 0, 0, 0, 0, 0, 0, 0, 0, 0, 0, 0, 0, 0, 0, 0, 0, 0, 0, 0, 0, 0, 0, 0, 0, 0, 0, 0, 0, 0, 0, 0, 0, 0, 0, 0, 0, 0, 0, 0, 0, 0, 0, 0, 0, 0, 0, 0, 0, 0, 0, 0, 0, 0, 0, 0, 0, 0, 0, 0, 0, 0, 0, 0, 0, 0, 0, 0, 0, 0, 0, 0, 0, 0, 0, 0, 0, 0, 0, 0, 0, 0, 0, 0, 0, 0, 0, 0, 0, 0, 0, 0, 0, 0, 0, 0, 0, 0, 0, 0, 0, 0, 0, 0, 0, 0, 0, 0, 0, 0, 0, 0, 0, 0, 0, 0, 0, 0, 0, 0, 0, 0, 0, 0, 0, 0, 0, 0, 0, 0, 0, 0, 0, 0, 0, 0, 0, 0, 0, 0, 0, 0, 0, 0, 0, 0, 0, 0, 0, 0, 0, 0, 0, 0, 0, 0, 0, 0, 0, 0, 0, 0, 0, 0, 0, 0, 0, 0, 0, 0, 0, 0, 0, 0, 0, 0, 0, 0, 0, 0, 0, 0, 0, 0, 0, 0, 0, 0, 0, 0, 0, 0, 0, 0, 0, 0, 0, 0, 0, 0, 0, 0, 0, 0, 0, 0, 0, 0, 0, 0, 0, 0, 0, 0, 0, 0, 0, 0, 0, 0, 0, 0, 0, 0, 0, 0, 0, 0, 0, 0, 0, 0, 0, 0, 0, 0, 0, 0, 0, 0, 0]
[main]: Splitting Task:
[main]: Start indices: [0, 21, 42, 63, 84, 105, 126, 147, 168, 189, 210, 231, 252, 273, 294, 315, 336, 357, 378, 399, 420, 441, 462, 483, 505, 527, 549, 571, 593, 615, 637, 659, 681, 703, 725, 747, 769, 791, 813, 835, 857, 879, 901, 924, 947, 970, 993, 1016, 1039, 1062, 1085, 1108, 1131, 1154, 1177, 1200, 1223, 1246, 1269, 1292, 1315, 1339, 1363, 1387, 1411, 1435, 1459, 1483, 1507, 1531, 1555, 1579, 1603, 1627, 1651, 1675, 1700, 1725, 1750, 1775, 1800, 1825, 1850, 1875, 1900, 1925, 1950, 1975, 2000, 2026, 2052, 2078, 2104, 2130, 2156, 2182, 2208, 2234, 2260, 2286, 2312, 2339, 2366, 2393, 2420, 2447, 2474, 2501, 2528, 2555, 2582, 2610, 2638, 2666, 2694, 2722, 2750, 2778, 2806, 2834, 2862, 2891, 2920, 2949, 2978, 3007, 3036, 3065, 3094, 3124, 3154, 3184, 3214, 3244, 3274, 3304, 3334, 3365, 3396, 3427, 3458, 3489, 3520, 3551, 3583, 3615, 3647, 3679, 3711, 3743, 3776, 3809, 3842, 3875, 3908, 3941, 3975, 4009, 4043, 4077, 4111, 4146, 4181, 4216, 4251, 4286, 4322, 4358, 4394, 4430, 4467, 4504, 4541, 4578, 4616, 4654, 4692, 4730, 4769, 4808, 4847, 4886, 4926, 4966, 5006, 5047, 5088, 5129, 5171, 5213, 5255, 5298, 5341, 5385, 5429, 5473, 5518, 5563, 5609, 5655, 5702, 5749, 5797, 5845, 5894, 5943, 5993, 6044, 6095, 6147, 6200, 6253, 6307, 6362, 6418, 6475, 6533, 6592, 6652, 6713, 6775, 6838, 6902, 6968, 7035, 7104, 7174, 7246, 7320, 7396, 7474, 7555, 7639, 7726, 7816, 7910, 8008, 8112, 8222, 8339, 8465, 8602, 8754, 8927, 9134, 9409]
[main]: Segmentsizes: [21, 21, 21, 21, 21, 21, 21, 21, 21, 21, 21, 21, 21, 21, 21, 21, 21, 21, 21, 21, 21, 21, 21, 22, 22, 22, 22, 22, 22, 22, 22, 22, 22, 22, 22, 22, 22, 22, 22, 22, 22, 22, 23, 23, 23, 23, 23, 23, 23, 23, 23, 23, 23, 23, 23, 23, 23, 23, 23, 23, 24, 24, 24, 24, 24, 24, 24, 24, 24, 24, 24, 24, 24, 24, 24, 25, 25, 25, 25, 25, 25, 25, 25, 25, 25, 25, 25, 25, 26, 26, 26, 26, 26, 26, 26, 26, 26, 26, 26, 26, 27, 27, 27, 27, 27, 27, 27, 27, 27, 27, 28, 28, 28, 28, 28, 28, 28, 28, 28, 28, 29, 29, 29, 29, 29, 29, 29, 29, 30, 30, 30, 30, 30, 30, 30, 30, 31, 31, 31, 31, 31, 31, 31, 32, 32, 32, 32, 32, 32, 33, 33, 33, 33, 33, 33, 34, 34, 34, 34, 34, 35, 35, 35, 35, 35, 36, 36, 36, 36, 37, 37, 37, 37, 38, 38, 38, 38, 39, 39, 39, 39, 40, 40, 40, 41, 41, 41, 42, 42, 42, 43, 43, 44, 44, 44, 45, 45, 46, 46, 47, 47, 48, 48, 49, 49, 50, 51, 51, 52, 53, 53, 54, 55, 56, 57, 58, 59, 60, 61, 62, 63, 64, 66, 67, 69, 70, 72, 74, 76, 78, 81, 84, 87, 90, 94, 98, 104, 110, 117, 126, 137, 152, 173, 207, 275, 591]
[main]: Calculated Segemnts: [0, 0, 0, 0, 0, 0, 0, 0, 0, 0, 0, 0, 0, 0, 0, 0, 0, 0, 0, 0, 0, 0, 0, 0, 0, 0, 0, 0, 0, 0, 0, 0, 0, 0, 0, 0, 0, 0, 0, 0, 0, 0, 0, 0, 0, 0, 0, 0, 0, 0, 0, 0, 0, 0, 0, 0, 0, 0, 0, 0, 0, 0, 0, 0, 0, 0, 0, 0, 0, 0, 0, 0, 0, 0, 0, 0, 0, 0, 0, 0, 0, 0, 0, 0, 0, 0, 0, 0, 0, 0, 0, 0, 0, 0, 0, 0, 0, 0, 0, 0, 0, 0, 0, 0, 0, 0, 0, 0, 0, 0, 0, 0, 0, 0, 0, 0, 0, 0, 0, 0, 0, 0, 0, 0, 0, 0, 0, 0, 0, 0, 0, 0, 0, 0, 0, 0, 0, 0, 0, 0, 0, 0, 0, 0, 0, 0, 0, 0, 0, 0, 0, 0, 0, 0, 0, 0, 0, 0, 0, 0, 0, 0, 0, 0, 0, 0, 0, 0, 0, 0, 0, 0, 0, 0, 0, 0, 0, 0, 0, 0, 0, 0, 0, 0, 0, 0, 0, 0, 0, 0, 0, 0, 0, 0, 0, 0, 0, 0, 0, 0, 0, 0, 0, 0, 0, 0, 0, 0, 0, 0, 0, 0, 0, 0, 0, 0, 0, 0, 0, 0, 0, 0, 0, 0, 0, 0, 0, 0, 0, 0, 0, 0, 0, 0, 0, 0, 0, 0, 0, 0, 0, 0, 0, 0, 0, 0]
--------------- start T1 -------------
[Worker 1]: Listening on port: 25000
[Worker 1]: Connections: []
[Worker 1 ConnectionHandler]: Opening Serversocket on port: 25000
--------------- start T2 -------------
[Worker 2]: Listening on port: 24000
[Worker 2 ConnectionHandler]: Opening Serversocket on port: 24000
[Worker 2]: JOIN CLUSTER VIA: localhost/127.0.0.1:25000
[Worker 1 ConnectionHandler]: Connection Established!
[Worker 2]: Connected to: localhost/127.0.0.1:25000
[Worker 2]: SENDING MESSAGE: CONNECT_CLUSTER - (24000|localhost/127.0.0.1)
[Worker 2]: Connections: [[Port: 25000, EndpointListener: 25000, Connected: true]]
--------------- start T3 -------------
[Worker 3]: Listening on port: 23000
[Worker 3]: JOIN CLUSTER VIA: localhost/127.0.0.1:25000
[Worker 3 ConnectionHandler]: Opening Serversocket on port: 23000
[Worker 1 ConnectionHandler]: Connection Established!
[Worker 3]: Connected to: localhost/127.0.0.1:25000
[Worker 2 ConnectionHandler]: Connection Established!
[Worker 3]: Connected to: /127.0.0.1:24000
[Worker 3]: SENDING MESSAGE: CONNECT_CLUSTER - (23000|localhost/127.0.0.1)
[Worker 3]: Connections: [[Port: 25000, EndpointListener: 25000, Connected: true], [Port: 24000, EndpointListener: 24000, Connected: true]]
--------------- start T4 -------------
[Worker 4]: Listening on port: 22000
[Worker 4]: JOIN CLUSTER VIA: localhost/127.0.0.1:24000
[Worker 4 ConnectionHandler]: Opening Serversocket on port: 22000
[Worker 2 ConnectionHandler]: Connection Established!
[Worker 4]: Connected to: localhost/127.0.0.1:24000
[Worker 1 ConnectionHandler]: Connection Established!
[Worker 4]: Connected to: localhost/127.0.0.1:25000
[Worker 3 ConnectionHandler]: Connection Established!
[Worker 4]: Connected to: /127.0.0.1:23000
[Worker 4]: SENDING MESSAGE: CONNECT_CLUSTER - (22000|localhost/127.0.0.1)
[Worker 4]: Connections: [[Port: 24000, EndpointListener: 24000, Connected: true], [Port: 25000, EndpointListener: 25000, Connected: true], [Port: 23000, EndpointListener: 23000, Connected: true]]
------------- start Client ------------
[Worker 1 ConnectionHandler]: Connection Established!
[Client]: Connected to: localhost/127.0.0.1:25000
[Worker 1]: SENDING MESSAGE: START - (237023640130486964288372516117459992717|21000|localhost/127.0.0.1)
[Worker 2]: SENDING MESSAGE: FREE - 188
[Worker 3]: SENDING MESSAGE: FREE - 48
[Worker 1]: SENDING MESSAGE: FREE - 169
[Worker 4]: SENDING MESSAGE: FREE - 104
[Worker 3]: All OKS RECEIVED FOR 48
[Worker 4]: All OKS RECEIVED FOR 104
[Worker 3]: --- STARTING CALCULATION - 0.0 %
[Worker 4]: --- STARTING CALCULATION - 0.0 %
[Worker 2]: All OKS RECEIVED FOR 188
[Worker 2]: --- STARTING CALCULATION - 0.0 %
[Worker 1]: All OKS RECEIVED FOR 169
[Worker 1]: --- STARTING CALCULATION - 0.0 %
[Worker 2]: SENDING MESSAGE: FINISHED - 188
[Worker 2]: SENDING MESSAGE: FREE - 136
[Worker 2]: All OKS RECEIVED FOR 136
[Worker 2]: --- STARTING CALCULATION - 0.4 %
[Worker 1]: SENDING MESSAGE: FINISHED - 169
[Worker 1]: SENDING MESSAGE: FREE - 102
[Worker 1]: SENDING MESSAGE: FINISHED - 102
[Worker 1]: SENDING MESSAGE: FREE - 245
[Worker 1]: SENDING MESSAGE: FINISHED - 245
[Worker 1]: SENDING MESSAGE: FREE - 195
[Worker 1]: SENDING MESSAGE: FINISHED - 195
[Worker 1]: SENDING MESSAGE: FREE - 168
[Worker 1]: All OKS RECEIVED FOR 168
[Worker 1]: --- STARTING CALCULATION - 2.0 %
[Thread-13]: FOUND RESULT!!!!!!!!!!!!!!!!!!!!!!!!!!#########
[Worker 2]: SENDING MESSAGE: ANSWER_FOUND - (16644619703963287919|14240255670969083843)
[Worker 1]: SENDING MESSAGE: FINISHED - 168
[Client]: Received solution: ANSWER_FOUND - (16644619703963287919|14240255670969083843)
[Client]: Percentage of segments: 0.02032520325203252
[Worker 1]: SENDING MESSAGE: FREE - 226
[Client]: Decrypted Chiffre is: Bestanden
[Client]: Calculation took: 3
[Worker 3]: SENDING MESSAGE: FINISHED - 48
[Worker 3]: SENDING MESSAGE: FREE - 35
[Worker 4]: SENDING MESSAGE: FINISHED - 104
[Worker 4]: SENDING MESSAGE: FREE - 43
[Worker 2]: SUCCESSFULLY CLOSED
[Worker 1]: SUCCESSFULLY CLOSED
[Worker 3]: SUCCESSFULLY CLOSED
[Worker 4]: SUCCESSFULLY CLOSED
